<?xml version="1.0" encoding="UTF-8" ?>
<testsuite tests="12" failures="0" name="TestRunner" time="0.002" errors="0" skipped="0">
  <properties>
    <property name="java.runtime.name" value="Java(TM) SE Runtime Environment"/>
    <property name="java.vm.version" value="15.0.1+9-18"/>
    <property name="sun.boot.library.path" value="C:\Program Files\Java\jdk-15.0.1\bin"/>
    <property name="maven.multiModuleProjectDirectory" value="C:\Users\91861\Desktop\loanmodule-UIautomation"/>
    <property name="java.vm.vendor" value="Oracle Corporation"/>
    <property name="java.vendor.url" value="https://java.oracle.com/"/>
    <property name="guice.disable.misplaced.annotation.check" value="true"/>
    <property name="path.separator" value=";"/>
    <property name="java.vm.name" value="Java HotSpot(TM) 64-Bit Server VM"/>
    <property name="sun.os.patch.level" value=""/>
    <property name="user.script" value=""/>
    <property name="user.country" value="IN"/>
    <property name="sun.java.launcher" value="SUN_STANDARD"/>
    <property name="java.vm.specification.name" value="Java Virtual Machine Specification"/>
    <property name="user.dir" value="C:\Users\91861\Desktop\loanmodule-UIautomation"/>
    <property name="java.vm.compressedOopsMode" value="Zero based"/>
    <property name="java.runtime.version" value="15.0.1+9-18"/>
    <property name="os.arch" value="amd64"/>
    <property name="java.io.tmpdir" value="C:\Users\91861\AppData\Local\Temp\"/>
    <property name="line.separator" value="
"/>
    <property name="java.vm.specification.vendor" value="Oracle Corporation"/>
    <property name="user.variant" value=""/>
    <property name="os.name" value="Windows 10"/>
    <property name="classworlds.conf" value="C:\Program Files\apache-maven-3.6.3-bin\apache-maven-3.6.3\bin\..\bin\m2.conf"/>
    <property name="sun.jnu.encoding" value="Cp1252"/>
    <property name="java.library.path" value="C:\Program Files\Java\jdk-15.0.1\bin;C:\Windows\Sun\Java\bin;C:\Windows\system32;C:\Windows;C:\Program Files (x86)\Common Files\Oracle\Java\javapath;C:\Program Files\Common Files\Oracle\Java\javapath;C:\Windows\system32;C:\Windows;C:\Windows\System32\Wbem;C:\Windows\System32\WindowsPowerShell\v1.0\;C:\Windows\System32\OpenSSH\;C:\Program Files\Java\jdk-15.0.1\bin;C:\Program Files\apache-maven-3.6.3-bin\apache-maven-3.6.3\bin;C:\Program Files\Git\cmd;C:\Program Files\PuTTY\;C:\webdrivers;C:\Users\91861\kube;C:\Program Files\Docker\Docker\resources\bin;C:\ProgramData\DockerDesktop\version-bin;C:\Program Files\MongoDB\Server\5.0\bin;C:\Users\91861\AppData\Local\Microsoft\WindowsApps;C:\Program Files\gradle-6.7\bin;C:\Program Files\Java\jdk-15.0.1\bin;C:\Program Files\apache-maven-3.6.3-bin\apache-maven-3.6.3\bin;C:\Users\91861\AppData\Local\atom\bin;C:\Users\91861\kube;;."/>
    <property name="maven.conf" value="C:\Program Files\apache-maven-3.6.3-bin\apache-maven-3.6.3\bin\../conf"/>
    <property name="jdk.debug" value="release"/>
    <property name="java.class.version" value="59.0"/>
    <property name="java.specification.name" value="Java Platform API Specification"/>
    <property name="sun.management.compiler" value="HotSpot 64-Bit Tiered Compilers"/>
    <property name="os.version" value="10.0"/>
    <property name="library.jansi.path" value="C:\Program Files\apache-maven-3.6.3-bin\apache-maven-3.6.3\bin\..\lib\jansi-native"/>
    <property name="user.home" value="C:\Users\91861"/>
    <property name="user.timezone" value="Asia/Calcutta"/>
    <property name="file.encoding" value="Cp1252"/>
    <property name="java.specification.version" value="15"/>
    <property name="user.name" value="91861"/>
    <property name="java.class.path" value="C:\Program Files\apache-maven-3.6.3-bin\apache-maven-3.6.3\bin\..\boot\plexus-classworlds-2.6.0.jar"/>
    <property name="java.vm.specification.version" value="15"/>
    <property name="sun.arch.data.model" value="64"/>
    <property name="sun.java.command" value="org.codehaus.plexus.classworlds.launcher.Launcher clean verify"/>
    <property name="java.home" value="C:\Program Files\Java\jdk-15.0.1"/>
    <property name="user.language" value="en"/>
    <property name="java.specification.vendor" value="Oracle Corporation"/>
    <property name="java.vm.info" value="mixed mode, sharing"/>
    <property name="java.version" value="15.0.1"/>
    <property name="java.vendor" value="Oracle Corporation"/>
    <property name="sun.stderr.encoding" value="cp437"/>
    <property name="maven.home" value="C:\Program Files\apache-maven-3.6.3-bin\apache-maven-3.6.3\bin\.."/>
    <property name="file.separator" value="\"/>
    <property name="java.version.date" value="2020-10-20"/>
    <property name="java.vendor.url.bug" value="https://bugreport.java.com/bugreport/"/>
    <property name="sun.io.unicode.encoding" value="UnicodeLittle"/>
    <property name="sun.cpu.endian" value="little"/>
    <property name="sun.stdout.encoding" value="cp437"/>
    <property name="sun.cpu.isalist" value="amd64"/>
  </properties>
  <testcase classname="Scenario: Verify with the loan estimation value based upon the user provides the details" name="Given Launch the ANZ loan calculator web page" time="0.001"/>
  <testcase classname="Scenario: Verify with the loan estimation value based upon the user provides the details" name="And Provide all the required details with respective to loan calculation" time="0"/>
  <testcase classname="Scenario: Verify with the loan estimation value based upon the user provides the details" name="Then Verify with loan estimation value" time="0"/>
  <testcase classname="Scenario: Verify with the loan estimation value based upon the user provides the details" name="Scenario: Verify with the loan estimation value based upon the user provides the details" time="0"/>
  <testcase classname="Scenario: Verify whether loan calculator form gets clear when user clicks on start over" name="Given Launch the ANZ loan calculator web page" time="0"/>
  <testcase classname="Scenario: Verify whether loan calculator form gets clear when user clicks on start over" name="And Provide all the required details with respective to loan calculation" time="0"/>
  <testcase classname="Scenario: Verify whether loan calculator form gets clear when user clicks on start over" name="Then Verify whether the loan calculation form gets clear immediately once the user clicks on start over" time="0"/>
  <testcase classname="Scenario: Verify whether loan calculator form gets clear when user clicks on start over" name="Scenario: Verify whether loan calculator form gets clear when user clicks on start over" time="0"/>
  <testcase classname="Scenario: Verify for the appropriate message when user provides an invalid data" name="Given Launch the ANZ loan calculator web page" time="0"/>
  <testcase classname="Scenario: Verify for the appropriate message when user provides an invalid data" name="And Provide all the required details with respective to loan calculation" time="0"/>
  <testcase classname="Scenario: Verify for the appropriate message when user provides an invalid data" name="Then Verify for the appropriate message when user provides an invalid data in loan claculator form" time="0"/>
  <testcase classname="Scenario: Verify for the appropriate message when user provides an invalid data" name="Scenario: Verify for the appropriate message when user provides an invalid data" time="0.001"/>
</testsuite>